# JRE version: OpenJDK Runtime Environment Temurin-17.0.12+7 (17.0.12+7) (build 17.0.12+7)
# Java VM: OpenJDK 64-Bit Server VM Temurin-17.0.12+7 (17.0.12+7, mixed mode, tiered, compressed oops, compressed class ptrs, parallel gc, windows-amd64)
GC Precious Log:
 CPUs: 20 total, 20 available
 Memory: 16004M
 Large Page Support: Disabled
 NUMA Support: Disabled
 Compressed Oops: Enabled (32-bit)
 Alignments: Space 512K, Generation 512K, Heap 2M
 Heap Min Capacity: 100M
 Heap Initial Capacity: 100M
 Heap Max Capacity: 1G
 Pre-touch: Disabled
 Parallel Workers: 15
Heap:
 PSYoungGen      total 23040K, used 10638K [0x00000000eab00000, 0x00000000ec480000, 0x0000000100000000)
  eden space 22016K, 43% used [0x00000000eab00000,0x00000000eb469490,0x00000000ec080000)
  from space 1024K, 97% used [0x00000000ec380000,0x00000000ec47a578,0x00000000ec480000)
  to   space 2048K, 0% used [0x00000000ec080000,0x00000000ec080000,0x00000000ec280000)
 ParOldGen       total 68608K, used 21743K [0x00000000c0000000, 0x00000000c4300000, 0x00000000eab00000)
  object space 68608K, 31% used [0x00000000c0000000,0x00000000c153bf08,0x00000000c4300000)
 Metaspace       used 44747K, committed 45568K, reserved 1114112K
  class space    used 4537K, committed 4864K, reserved 1048576K
GC Heap History (20 events):
Event: 2.017 GC heap before
{Heap before GC invocations=9 (full 1):
 PSYoungGen      total 27136K, used 27123K [0x00000000eab00000, 0x00000000ecb80000, 0x0000000100000000)
  eden space 24064K, 100% used [0x00000000eab00000,0x00000000ec280000,0x00000000ec280000)
  from space 3072K, 99% used [0x00000000ec480000,0x00000000ec77cc90,0x00000000ec780000)
  to   space 4096K, 0% used [0x00000000ec780000,0x00000000ec780000,0x00000000ecb80000)
 ParOldGen       total 68608K, used 8482K [0x00000000c0000000, 0x00000000c4300000, 0x00000000eab00000)
  object space 68608K, 12% used [0x00000000c0000000,0x00000000c0848868,0x00000000c4300000)
 Metaspace       used 34109K, committed 34688K, reserved 1114112K
  class space    used 3385K, committed 3584K, reserved 1048576K
}
Event: 2.019 GC heap after
{Heap after GC invocations=9 (full 1):
 PSYoungGen      total 27648K, used 4073K [0x00000000eab00000, 0x00000000ecb80000, 0x0000000100000000)
  eden space 23552K, 0% used [0x00000000eab00000,0x00000000eab00000,0x00000000ec200000)
  from space 4096K, 99% used [0x00000000ec780000,0x00000000ecb7a6f0,0x00000000ecb80000)
  to   space 4608K, 0% used [0x00000000ec280000,0x00000000ec280000,0x00000000ec700000)
 ParOldGen       total 68608K, used 8561K [0x00000000c0000000, 0x00000000c4300000, 0x00000000eab00000)
  object space 68608K, 12% used [0x00000000c0000000,0x00000000c085c428,0x00000000c4300000)
 Metaspace       used 34109K, committed 34688K, reserved 1114112K
  class space    used 3385K, committed 3584K, reserved 1048576K
}
Event: 2.111 GC heap before
{Heap before GC invocations=10 (full 1):
 PSYoungGen      total 27648K, used 11301K [0x00000000eab00000, 0x00000000ecb80000, 0x0000000100000000)
  eden space 23552K, 30% used [0x00000000eab00000,0x00000000eb20edd0,0x00000000ec200000)
  from space 4096K, 99% used [0x00000000ec780000,0x00000000ecb7a6f0,0x00000000ecb80000)
  to   space 4608K, 0% used [0x00000000ec280000,0x00000000ec280000,0x00000000ec700000)
 ParOldGen       total 68608K, used 8561K [0x00000000c0000000, 0x00000000c4300000, 0x00000000eab00000)
  object space 68608K, 12% used [0x00000000c0000000,0x00000000c085c428,0x00000000c4300000)
 Metaspace       used 35197K, committed 35840K, reserved 1114112K
  class space    used 3503K, committed 3776K, reserved 1048576K
}
Event: 2.113 GC heap after
{Heap after GC invocations=10 (full 1):
 PSYoungGen      total 26624K, used 2954K [0x00000000eab00000, 0x00000000ec900000, 0x0000000100000000)
  eden space 23552K, 0% used [0x00000000eab00000,0x00000000eab00000,0x00000000ec200000)
  from space 3072K, 96% used [0x00000000ec280000,0x00000000ec562a78,0x00000000ec580000)
  to   space 3584K, 0% used [0x00000000ec580000,0x00000000ec580000,0x00000000ec900000)
 ParOldGen       total 68608K, used 10391K [0x00000000c0000000, 0x00000000c4300000, 0x00000000eab00000)
  object space 68608K, 15% used [0x00000000c0000000,0x00000000c0a25ef0,0x00000000c4300000)
 Metaspace       used 35197K, committed 35840K, reserved 1114112K
  class space    used 3503K, committed 3776K, reserved 1048576K
}
Event: 2.113 GC heap before
{Heap before GC invocations=11 (full 2):
 PSYoungGen      total 26624K, used 2954K [0x00000000eab00000, 0x00000000ec900000, 0x0000000100000000)
  eden space 23552K, 0% used [0x00000000eab00000,0x00000000eab00000,0x00000000ec200000)
  from space 3072K, 96% used [0x00000000ec280000,0x00000000ec562a78,0x00000000ec580000)
  to   space 3584K, 0% used [0x00000000ec580000,0x00000000ec580000,0x00000000ec900000)
 ParOldGen       total 68608K, used 10391K [0x00000000c0000000, 0x00000000c4300000, 0x00000000eab00000)
  object space 68608K, 15% used [0x00000000c0000000,0x00000000c0a25ef0,0x00000000c4300000)
 Metaspace       used 35197K, committed 35840K, reserved 1114112K
  class space    used 3503K, committed 3776K, reserved 1048576K
}
Event: 2.128 GC heap after
{Heap after GC invocations=11 (full 2):
 PSYoungGen      total 26624K, used 0K [0x00000000eab00000, 0x00000000ec900000, 0x0000000100000000)
  eden space 23552K, 0% used [0x00000000eab00000,0x00000000eab00000,0x00000000ec200000)
  from space 3072K, 0% used [0x00000000ec280000,0x00000000ec280000,0x00000000ec580000)
  to   space 3584K, 0% used [0x00000000ec580000,0x00000000ec580000,0x00000000ec900000)
 ParOldGen       total 68608K, used 12835K [0x00000000c0000000, 0x00000000c4300000, 0x00000000eab00000)
  object space 68608K, 18% used [0x00000000c0000000,0x00000000c0c88d80,0x00000000c4300000)
 Metaspace       used 35197K, committed 35840K, reserved 1114112K
  class space    used 3503K, committed 3776K, reserved 1048576K
}
Event: 2.453 GC heap before
{Heap before GC invocations=12 (full 2):
 PSYoungGen      total 26624K, used 23552K [0x00000000eab00000, 0x00000000ec900000, 0x0000000100000000)
  eden space 23552K, 100% used [0x00000000eab00000,0x00000000ec200000,0x00000000ec200000)
  from space 3072K, 0% used [0x00000000ec280000,0x00000000ec280000,0x00000000ec580000)
  to   space 3584K, 0% used [0x00000000ec580000,0x00000000ec580000,0x00000000ec900000)
 ParOldGen       total 68608K, used 12835K [0x00000000c0000000, 0x00000000c4300000, 0x00000000eab00000)
  object space 68608K, 18% used [0x00000000c0000000,0x00000000c0c88d80,0x00000000c4300000)
 Metaspace       used 38085K, committed 38848K, reserved 1114112K
  class space    used 3824K, committed 4160K, reserved 1048576K
}
Event: 2.454 GC heap after
{Heap after GC invocations=12 (full 2):
 PSYoungGen      total 25088K, used 1938K [0x00000000eab00000, 0x00000000ec780000, 0x0000000100000000)
  eden space 23040K, 0% used [0x00000000eab00000,0x00000000eab00000,0x00000000ec180000)
  from space 2048K, 94% used [0x00000000ec580000,0x00000000ec764a60,0x00000000ec780000)
  to   space 2560K, 0% used [0x00000000ec280000,0x00000000ec280000,0x00000000ec500000)
 ParOldGen       total 68608K, used 12843K [0x00000000c0000000, 0x00000000c4300000, 0x00000000eab00000)
  object space 68608K, 18% used [0x00000000c0000000,0x00000000c0c8ad80,0x00000000c4300000)
 Metaspace       used 38085K, committed 38848K, reserved 1114112K
  class space    used 3824K, committed 4160K, reserved 1048576K
}
Event: 2.535 GC heap before
{Heap before GC invocations=13 (full 2):
 PSYoungGen      total 25088K, used 24978K [0x00000000eab00000, 0x00000000ec780000, 0x0000000100000000)
  eden space 23040K, 100% used [0x00000000eab00000,0x00000000ec180000,0x00000000ec180000)
  from space 2048K, 94% used [0x00000000ec580000,0x00000000ec764a60,0x00000000ec780000)
  to   space 2560K, 0% used [0x00000000ec280000,0x00000000ec280000,0x00000000ec500000)
 ParOldGen       total 68608K, used 12843K [0x00000000c0000000, 0x00000000c4300000, 0x00000000eab00000)
  object space 68608K, 18% used [0x00000000c0000000,0x00000000c0c8ad80,0x00000000c4300000)
 Metaspace       used 38754K, committed 39488K, reserved 1114112K
  class space    used 3928K, committed 4224K, reserved 1048576K
}
Event: 2.537 GC heap after
{Heap after GC invocations=13 (full 2):
 PSYoungGen      total 25088K, used 2545K [0x00000000eab00000, 0x00000000ecb00000, 0x0000000100000000)
  eden space 22528K, 0% used [0x00000000eab00000,0x00000000eab00000,0x00000000ec100000)
  from space 2560K, 99% used [0x00000000ec280000,0x00000000ec4fc460,0x00000000ec500000)
  to   space 5120K, 0% used [0x00000000ec600000,0x00000000ec600000,0x00000000ecb00000)
 ParOldGen       total 68608K, used 14601K [0x00000000c0000000, 0x00000000c4300000, 0x00000000eab00000)
  object space 68608K, 21% used [0x00000000c0000000,0x00000000c0e42408,0x00000000c4300000)
 Metaspace       used 38754K, committed 39488K, reserved 1114112K
  class space    used 3928K, committed 4224K, reserved 1048576K
}
Event: 2.604 GC heap before
{Heap before GC invocations=14 (full 2):
 PSYoungGen      total 25088K, used 25073K [0x00000000eab00000, 0x00000000ecb00000, 0x0000000100000000)
  eden space 22528K, 100% used [0x00000000eab00000,0x00000000ec100000,0x00000000ec100000)
  from space 2560K, 99% used [0x00000000ec280000,0x00000000ec4fc460,0x00000000ec500000)
  to   space 5120K, 0% used [0x00000000ec600000,0x00000000ec600000,0x00000000ecb00000)
 ParOldGen       total 68608K, used 14601K [0x00000000c0000000, 0x00000000c4300000, 0x00000000eab00000)
  object space 68608K, 21% used [0x00000000c0000000,0x00000000c0e42408,0x00000000c4300000)
 Metaspace       used 38865K, committed 39616K, reserved 1114112K
  class space    used 3930K, committed 4224K, reserved 1048576K
}
Event: 2.606 GC heap after
{Heap after GC invocations=14 (full 2):
 PSYoungGen      total 24576K, used 2530K [0x00000000eab00000, 0x00000000ec880000, 0x0000000100000000)
  eden space 22016K, 0% used [0x00000000eab00000,0x00000000eab00000,0x00000000ec080000)
  from space 2560K, 98% used [0x00000000ec600000,0x00000000ec878800,0x00000000ec880000)
  to   space 3584K, 0% used [0x00000000ec180000,0x00000000ec180000,0x00000000ec500000)
 ParOldGen       total 68608K, used 16849K [0x00000000c0000000, 0x00000000c4300000, 0x00000000eab00000)
  object space 68608K, 24% used [0x00000000c0000000,0x00000000c1074468,0x00000000c4300000)
 Metaspace       used 38865K, committed 39616K, reserved 1114112K
  class space    used 3930K, committed 4224K, reserved 1048576K
}
Event: 2.820 GC heap before
{Heap before GC invocations=15 (full 2):
 PSYoungGen      total 24576K, used 24501K [0x00000000eab00000, 0x00000000ec880000, 0x0000000100000000)
  eden space 22016K, 99% used [0x00000000eab00000,0x00000000ec074d58,0x00000000ec080000)
  from space 2560K, 98% used [0x00000000ec600000,0x00000000ec878800,0x00000000ec880000)
  to   space 3584K, 0% used [0x00000000ec180000,0x00000000ec180000,0x00000000ec500000)
 ParOldGen       total 68608K, used 16849K [0x00000000c0000000, 0x00000000c4300000, 0x00000000eab00000)
  object space 68608K, 24% used [0x00000000c0000000,0x00000000c1074468,0x00000000c4300000)
 Metaspace       used 41013K, committed 41792K, reserved 1114112K
  class space    used 4169K, committed 4480K, reserved 1048576K
}
Event: 2.821 GC heap after
{Heap after GC invocations=15 (full 2):
 PSYoungGen      total 24064K, used 1878K [0x00000000eab00000, 0x00000000ec680000, 0x0000000100000000)
  eden space 22016K, 0% used [0x00000000eab00000,0x00000000eab00000,0x00000000ec080000)
  from space 2048K, 91% used [0x00000000ec180000,0x00000000ec355aa8,0x00000000ec380000)
  to   space 2560K, 0% used [0x00000000ec400000,0x00000000ec400000,0x00000000ec680000)
 ParOldGen       total 68608K, used 19185K [0x00000000c0000000, 0x00000000c4300000, 0x00000000eab00000)
  object space 68608K, 27% used [0x00000000c0000000,0x00000000c12bc4e8,0x00000000c4300000)
 Metaspace       used 41013K, committed 41792K, reserved 1114112K
  class space    used 4169K, committed 4480K, reserved 1048576K
}
Event: 3.009 GC heap before
{Heap before GC invocations=16 (full 2):
 PSYoungGen      total 24064K, used 23894K [0x00000000eab00000, 0x00000000ec680000, 0x0000000100000000)
  eden space 22016K, 100% used [0x00000000eab00000,0x00000000ec080000,0x00000000ec080000)
  from space 2048K, 91% used [0x00000000ec180000,0x00000000ec355aa8,0x00000000ec380000)
  to   space 2560K, 0% used [0x00000000ec400000,0x00000000ec400000,0x00000000ec680000)
 ParOldGen       total 68608K, used 19185K [0x00000000c0000000, 0x00000000c4300000, 0x00000000eab00000)
  object space 68608K, 27% used [0x00000000c0000000,0x00000000c12bc4e8,0x00000000c4300000)
 Metaspace       used 42012K, committed 42816K, reserved 1114112K
  class space    used 4287K, committed 4608K, reserved 1048576K
}
Event: 3.010 GC heap after
{Heap after GC invocations=16 (full 2):
 PSYoungGen      total 23040K, used 724K [0x00000000eab00000, 0x00000000ec500000, 0x0000000100000000)
  eden space 22016K, 0% used [0x00000000eab00000,0x00000000eab00000,0x00000000ec080000)
  from space 1024K, 70% used [0x00000000ec400000,0x00000000ec4b52d0,0x00000000ec500000)
  to   space 1536K, 0% used [0x00000000ec200000,0x00000000ec200000,0x00000000ec380000)
 ParOldGen       total 68608K, used 20732K [0x00000000c0000000, 0x00000000c4300000, 0x00000000eab00000)
  object space 68608K, 30% used [0x00000000c0000000,0x00000000c143f0d8,0x00000000c4300000)
 Metaspace       used 42012K, committed 42816K, reserved 1114112K
  class space    used 4287K, committed 4608K, reserved 1048576K
}
Event: 3.146 GC heap before
{Heap before GC invocations=17 (full 2):
 PSYoungGen      total 23040K, used 22740K [0x00000000eab00000, 0x00000000ec500000, 0x0000000100000000)
  eden space 22016K, 100% used [0x00000000eab00000,0x00000000ec080000,0x00000000ec080000)
  from space 1024K, 70% used [0x00000000ec400000,0x00000000ec4b52d0,0x00000000ec500000)
  to   space 1536K, 0% used [0x00000000ec200000,0x00000000ec200000,0x00000000ec380000)
 ParOldGen       total 68608K, used 20732K [0x00000000c0000000, 0x00000000c4300000, 0x00000000eab00000)
  object space 68608K, 30% used [0x00000000c0000000,0x00000000c143f0d8,0x00000000c4300000)
 Metaspace       used 43007K, committed 43776K, reserved 1114112K
  class space    used 4367K, committed 4672K, reserved 1048576K
}
Event: 3.148 GC heap after
{Heap after GC invocations=17 (full 2):
 PSYoungGen      total 23552K, used 1458K [0x00000000eab00000, 0x00000000ec480000, 0x0000000100000000)
  eden space 22016K, 0% used [0x00000000eab00000,0x00000000eab00000,0x00000000ec080000)
  from space 1536K, 94% used [0x00000000ec200000,0x00000000ec36c828,0x00000000ec380000)
  to   space 1024K, 0% used [0x00000000ec380000,0x00000000ec380000,0x00000000ec480000)
 ParOldGen       total 68608K, used 21177K [0x00000000c0000000, 0x00000000c4300000, 0x00000000eab00000)
  object space 68608K, 30% used [0x00000000c0000000,0x00000000c14ae7f0,0x00000000c4300000)
 Metaspace       used 43007K, committed 43776K, reserved 1114112K
  class space    used 4367K, committed 4672K, reserved 1048576K
}
Event: 3.202 GC heap before
{Heap before GC invocations=18 (full 2):
 PSYoungGen      total 23552K, used 23471K [0x00000000eab00000, 0x00000000ec480000, 0x0000000100000000)
  eden space 22016K, 99% used [0x00000000eab00000,0x00000000ec07f650,0x00000000ec080000)
  from space 1536K, 94% used [0x00000000ec200000,0x00000000ec36c828,0x00000000ec380000)
  to   space 1024K, 0% used [0x00000000ec380000,0x00000000ec380000,0x00000000ec480000)
 ParOldGen       total 68608K, used 21177K [0x00000000c0000000, 0x00000000c4300000, 0x00000000eab00000)
  object space 68608K, 30% used [0x00000000c0000000,0x00000000c14ae7f0,0x00000000c4300000)
 Metaspace       used 43018K, committed 43776K, reserved 1114112K
  class space    used 4367K, committed 4672K, reserved 1048576K
}
Event: 3.203 GC heap after
{Heap after GC invocations=18 (full 2):
 PSYoungGen      total 23040K, used 1001K [0x00000000eab00000, 0x00000000ec480000, 0x0000000100000000)
  eden space 22016K, 0% used [0x00000000eab00000,0x00000000eab00000,0x00000000ec080000)
  from space 1024K, 97% used [0x00000000ec380000,0x00000000ec47a578,0x00000000ec480000)
  to   space 2048K, 0% used [0x00000000ec080000,0x00000000ec080000,0x00000000ec280000)
 ParOldGen       total 68608K, used 21743K [0x00000000c0000000, 0x00000000c4300000, 0x00000000eab00000)
  object space 68608K, 31% used [0x00000000c0000000,0x00000000c153bf08,0x00000000c4300000)
 Metaspace       used 43018K, committed 43776K, reserved 1114112K
  class space    used 4367K, committed 4672K, reserved 1048576K
}

