# JRE version: OpenJDK Runtime Environment Temurin-17.0.12+7 (17.0.12+7) (build 17.0.12+7)
# Java VM: OpenJDK 64-Bit Server VM Temurin-17.0.12+7 (17.0.12+7, mixed mode, tiered, compressed oops, compressed class ptrs, parallel gc, windows-amd64)
GC Precious Log:
 CPUs: 20 total, 20 available
 Memory: 16004M
 Large Page Support: Disabled
 NUMA Support: Disabled
 Compressed Oops: Enabled (32-bit)
 Alignments: Space 512K, Generation 512K, Heap 2M
 Heap Min Capacity: 100M
 Heap Initial Capacity: 100M
 Heap Max Capacity: 1G
 Pre-touch: Disabled
 Parallel Workers: 15
Heap:
 PSYoungGen      total 6144K, used 4337K [0x00000000eab00000, 0x00000000eb400000, 0x0000000100000000)
  eden space 3584K, 49% used [0x00000000eab00000,0x00000000eacbe450,0x00000000eae80000)
  from space 2560K, 99% used [0x00000000eb180000,0x00000000eb3fe190,0x00000000eb400000)
  to   space 3072K, 0% used [0x00000000eae80000,0x00000000eae80000,0x00000000eb180000)
 ParOldGen       total 176640K, used 174517K [0x00000000c0000000, 0x00000000cac80000, 0x00000000eab00000)
  object space 176640K, 98% used [0x00000000c0000000,0x00000000caa6d598,0x00000000cac80000)
 Metaspace       used 67052K, committed 68352K, reserved 1114112K
  class space    used 7078K, committed 7680K, reserved 1048576K
GC Heap History (20 events):
Event: 7.296 GC heap before
{Heap before GC invocations=96 (full 7):
 PSYoungGen      total 6144K, used 6142K [0x00000000eab00000, 0x00000000eb600000, 0x0000000100000000)
  eden space 4096K, 100% used [0x00000000eab00000,0x00000000eaf00000,0x00000000eaf00000)
  from space 2048K, 99% used [0x00000000eb200000,0x00000000eb3ff828,0x00000000eb400000)
  to   space 3072K, 0% used [0x00000000eaf00000,0x00000000eaf00000,0x00000000eb200000)
 ParOldGen       total 176640K, used 161126K [0x00000000c0000000, 0x00000000cac80000, 0x00000000eab00000)
  object space 176640K, 91% used [0x00000000c0000000,0x00000000c9d598a0,0x00000000cac80000)
 Metaspace       used 66457K, committed 67776K, reserved 1114112K
  class space    used 7006K, committed 7616K, reserved 1048576K
}
Event: 7.297 GC heap after
{Heap after GC invocations=96 (full 7):
 PSYoungGen      total 5632K, used 1130K [0x00000000eab00000, 0x00000000eb300000, 0x0000000100000000)
  eden space 4096K, 0% used [0x00000000eab00000,0x00000000eab00000,0x00000000eaf00000)
  from space 1536K, 73% used [0x00000000eaf00000,0x00000000eb01a938,0x00000000eb080000)
  to   space 2048K, 0% used [0x00000000eb100000,0x00000000eb100000,0x00000000eb300000)
 ParOldGen       total 176640K, used 163136K [0x00000000c0000000, 0x00000000cac80000, 0x00000000eab00000)
  object space 176640K, 92% used [0x00000000c0000000,0x00000000c9f502c8,0x00000000cac80000)
 Metaspace       used 66457K, committed 67776K, reserved 1114112K
  class space    used 7006K, committed 7616K, reserved 1048576K
}
Event: 7.310 GC heap before
{Heap before GC invocations=97 (full 7):
 PSYoungGen      total 5632K, used 5226K [0x00000000eab00000, 0x00000000eb300000, 0x0000000100000000)
  eden space 4096K, 100% used [0x00000000eab00000,0x00000000eaf00000,0x00000000eaf00000)
  from space 1536K, 73% used [0x00000000eaf00000,0x00000000eb01a938,0x00000000eb080000)
  to   space 2048K, 0% used [0x00000000eb100000,0x00000000eb100000,0x00000000eb300000)
 ParOldGen       total 176640K, used 163136K [0x00000000c0000000, 0x00000000cac80000, 0x00000000eab00000)
  object space 176640K, 92% used [0x00000000c0000000,0x00000000c9f502c8,0x00000000cac80000)
 Metaspace       used 66482K, committed 67776K, reserved 1114112K
  class space    used 7012K, committed 7616K, reserved 1048576K
}
Event: 7.311 GC heap after
{Heap after GC invocations=97 (full 7):
 PSYoungGen      total 5632K, used 1960K [0x00000000eab00000, 0x00000000eb400000, 0x0000000100000000)
  eden space 3584K, 0% used [0x00000000eab00000,0x00000000eab00000,0x00000000eae80000)
  from space 2048K, 95% used [0x00000000eb100000,0x00000000eb2ea340,0x00000000eb300000)
  to   space 2560K, 0% used [0x00000000eae80000,0x00000000eae80000,0x00000000eb100000)
 ParOldGen       total 176640K, used 163136K [0x00000000c0000000, 0x00000000cac80000, 0x00000000eab00000)
  object space 176640K, 92% used [0x00000000c0000000,0x00000000c9f502c8,0x00000000cac80000)
 Metaspace       used 66482K, committed 67776K, reserved 1114112K
  class space    used 7012K, committed 7616K, reserved 1048576K
}
Event: 7.322 GC heap before
{Heap before GC invocations=98 (full 7):
 PSYoungGen      total 5632K, used 5543K [0x00000000eab00000, 0x00000000eb400000, 0x0000000100000000)
  eden space 3584K, 99% used [0x00000000eab00000,0x00000000eae7fac8,0x00000000eae80000)
  from space 2048K, 95% used [0x00000000eb100000,0x00000000eb2ea340,0x00000000eb300000)
  to   space 2560K, 0% used [0x00000000eae80000,0x00000000eae80000,0x00000000eb100000)
 ParOldGen       total 176640K, used 163136K [0x00000000c0000000, 0x00000000cac80000, 0x00000000eab00000)
  object space 176640K, 92% used [0x00000000c0000000,0x00000000c9f502c8,0x00000000cac80000)
 Metaspace       used 66553K, committed 67840K, reserved 1114112K
  class space    used 7018K, committed 7616K, reserved 1048576K
}
Event: 7.323 GC heap after
{Heap after GC invocations=98 (full 7):
 PSYoungGen      total 6144K, used 2557K [0x00000000eab00000, 0x00000000eb480000, 0x0000000100000000)
  eden space 3584K, 0% used [0x00000000eab00000,0x00000000eab00000,0x00000000eae80000)
  from space 2560K, 99% used [0x00000000eae80000,0x00000000eb0ff4f0,0x00000000eb100000)
  to   space 3072K, 0% used [0x00000000eb180000,0x00000000eb180000,0x00000000eb480000)
 ParOldGen       total 176640K, used 163262K [0x00000000c0000000, 0x00000000cac80000, 0x00000000eab00000)
  object space 176640K, 92% used [0x00000000c0000000,0x00000000c9f6fa50,0x00000000cac80000)
 Metaspace       used 66553K, committed 67840K, reserved 1114112K
  class space    used 7018K, committed 7616K, reserved 1048576K
}
Event: 7.329 GC heap before
{Heap before GC invocations=99 (full 7):
 PSYoungGen      total 6144K, used 6141K [0x00000000eab00000, 0x00000000eb480000, 0x0000000100000000)
  eden space 3584K, 100% used [0x00000000eab00000,0x00000000eae80000,0x00000000eae80000)
  from space 2560K, 99% used [0x00000000eae80000,0x00000000eb0ff4f0,0x00000000eb100000)
  to   space 3072K, 0% used [0x00000000eb180000,0x00000000eb180000,0x00000000eb480000)
 ParOldGen       total 176640K, used 163262K [0x00000000c0000000, 0x00000000cac80000, 0x00000000eab00000)
  object space 176640K, 92% used [0x00000000c0000000,0x00000000c9f6fa50,0x00000000cac80000)
 Metaspace       used 66620K, committed 67904K, reserved 1114112K
  class space    used 7027K, committed 7616K, reserved 1048576K
}
Event: 7.331 GC heap after
{Heap after GC invocations=99 (full 7):
 PSYoungGen      total 6656K, used 1792K [0x00000000eab00000, 0x00000000eb400000, 0x0000000100000000)
  eden space 4096K, 0% used [0x00000000eab00000,0x00000000eab00000,0x00000000eaf00000)
  from space 2560K, 70% used [0x00000000eb180000,0x00000000eb340308,0x00000000eb400000)
  to   space 2560K, 0% used [0x00000000eaf00000,0x00000000eaf00000,0x00000000eb180000)
 ParOldGen       total 176640K, used 164970K [0x00000000c0000000, 0x00000000cac80000, 0x00000000eab00000)
  object space 176640K, 93% used [0x00000000c0000000,0x00000000ca11aa68,0x00000000cac80000)
 Metaspace       used 66620K, committed 67904K, reserved 1114112K
  class space    used 7027K, committed 7616K, reserved 1048576K
}
Event: 7.357 GC heap before
{Heap before GC invocations=100 (full 7):
 PSYoungGen      total 6656K, used 5887K [0x00000000eab00000, 0x00000000eb400000, 0x0000000100000000)
  eden space 4096K, 99% used [0x00000000eab00000,0x00000000eaeffb28,0x00000000eaf00000)
  from space 2560K, 70% used [0x00000000eb180000,0x00000000eb340308,0x00000000eb400000)
  to   space 2560K, 0% used [0x00000000eaf00000,0x00000000eaf00000,0x00000000eb180000)
 ParOldGen       total 176640K, used 168426K [0x00000000c0000000, 0x00000000cac80000, 0x00000000eab00000)
  object space 176640K, 95% used [0x00000000c0000000,0x00000000ca47aa70,0x00000000cac80000)
 Metaspace       used 66771K, committed 68032K, reserved 1114112K
  class space    used 7046K, committed 7616K, reserved 1048576K
}
Event: 7.359 GC heap after
{Heap after GC invocations=100 (full 7):
 PSYoungGen      total 6656K, used 1750K [0x00000000eab00000, 0x00000000eb380000, 0x0000000100000000)
  eden space 4096K, 0% used [0x00000000eab00000,0x00000000eab00000,0x00000000eaf00000)
  from space 2560K, 68% used [0x00000000eaf00000,0x00000000eb0b58a0,0x00000000eb180000)
  to   space 2048K, 0% used [0x00000000eb180000,0x00000000eb180000,0x00000000eb380000)
 ParOldGen       total 176640K, used 169169K [0x00000000c0000000, 0x00000000cac80000, 0x00000000eab00000)
  object space 176640K, 95% used [0x00000000c0000000,0x00000000ca5347d8,0x00000000cac80000)
 Metaspace       used 66771K, committed 68032K, reserved 1114112K
  class space    used 7046K, committed 7616K, reserved 1048576K
}
Event: 7.385 GC heap before
{Heap before GC invocations=101 (full 7):
 PSYoungGen      total 6656K, used 5846K [0x00000000eab00000, 0x00000000eb380000, 0x0000000100000000)
  eden space 4096K, 100% used [0x00000000eab00000,0x00000000eaf00000,0x00000000eaf00000)
  from space 2560K, 68% used [0x00000000eaf00000,0x00000000eb0b58a0,0x00000000eb180000)
  to   space 2048K, 0% used [0x00000000eb180000,0x00000000eb180000,0x00000000eb380000)
 ParOldGen       total 176640K, used 169169K [0x00000000c0000000, 0x00000000cac80000, 0x00000000eab00000)
  object space 176640K, 95% used [0x00000000c0000000,0x00000000ca5347d8,0x00000000cac80000)
 Metaspace       used 66971K, committed 68288K, reserved 1114112K
  class space    used 7065K, committed 7680K, reserved 1048576K
}
Event: 7.387 GC heap after
{Heap after GC invocations=101 (full 7):
 PSYoungGen      total 6144K, used 2047K [0x00000000eab00000, 0x00000000eb480000, 0x0000000100000000)
  eden space 4096K, 0% used [0x00000000eab00000,0x00000000eab00000,0x00000000eaf00000)
  from space 2048K, 99% used [0x00000000eb180000,0x00000000eb37fd08,0x00000000eb380000)
  to   space 2560K, 0% used [0x00000000eaf00000,0x00000000eaf00000,0x00000000eb180000)
 ParOldGen       total 176640K, used 169548K [0x00000000c0000000, 0x00000000cac80000, 0x00000000eab00000)
  object space 176640K, 95% used [0x00000000c0000000,0x00000000ca593148,0x00000000cac80000)
 Metaspace       used 66971K, committed 68288K, reserved 1114112K
  class space    used 7065K, committed 7680K, reserved 1048576K
}
Event: 7.398 GC heap before
{Heap before GC invocations=102 (full 7):
 PSYoungGen      total 6144K, used 6143K [0x00000000eab00000, 0x00000000eb480000, 0x0000000100000000)
  eden space 4096K, 100% used [0x00000000eab00000,0x00000000eaf00000,0x00000000eaf00000)
  from space 2048K, 99% used [0x00000000eb180000,0x00000000eb37fd08,0x00000000eb380000)
  to   space 2560K, 0% used [0x00000000eaf00000,0x00000000eaf00000,0x00000000eb180000)
 ParOldGen       total 176640K, used 169548K [0x00000000c0000000, 0x00000000cac80000, 0x00000000eab00000)
  object space 176640K, 95% used [0x00000000c0000000,0x00000000ca593148,0x00000000cac80000)
 Metaspace       used 66994K, committed 68288K, reserved 1114112K
  class space    used 7068K, committed 7680K, reserved 1048576K
}
Event: 7.399 GC heap after
{Heap after GC invocations=102 (full 7):
 PSYoungGen      total 6656K, used 1737K [0x00000000eab00000, 0x00000000eb380000, 0x0000000100000000)
  eden space 4096K, 0% used [0x00000000eab00000,0x00000000eab00000,0x00000000eaf00000)
  from space 2560K, 67% used [0x00000000eaf00000,0x00000000eb0b2780,0x00000000eb180000)
  to   space 2048K, 0% used [0x00000000eb180000,0x00000000eb180000,0x00000000eb380000)
 ParOldGen       total 176640K, used 170965K [0x00000000c0000000, 0x00000000cac80000, 0x00000000eab00000)
  object space 176640K, 96% used [0x00000000c0000000,0x00000000ca6f5648,0x00000000cac80000)
 Metaspace       used 66994K, committed 68288K, reserved 1114112K
  class space    used 7068K, committed 7680K, reserved 1048576K
}
Event: 7.407 GC heap before
{Heap before GC invocations=103 (full 7):
 PSYoungGen      total 6656K, used 5833K [0x00000000eab00000, 0x00000000eb380000, 0x0000000100000000)
  eden space 4096K, 100% used [0x00000000eab00000,0x00000000eaf00000,0x00000000eaf00000)
  from space 2560K, 67% used [0x00000000eaf00000,0x00000000eb0b2780,0x00000000eb180000)
  to   space 2048K, 0% used [0x00000000eb180000,0x00000000eb180000,0x00000000eb380000)
 ParOldGen       total 176640K, used 170965K [0x00000000c0000000, 0x00000000cac80000, 0x00000000eab00000)
  object space 176640K, 96% used [0x00000000c0000000,0x00000000ca6f5648,0x00000000cac80000)
 Metaspace       used 67004K, committed 68352K, reserved 1114112K
  class space    used 7069K, committed 7680K, reserved 1048576K
}
Event: 7.408 GC heap after
{Heap after GC invocations=103 (full 7):
 PSYoungGen      total 6144K, used 2024K [0x00000000eab00000, 0x00000000eb480000, 0x0000000100000000)
  eden space 4096K, 0% used [0x00000000eab00000,0x00000000eab00000,0x00000000eaf00000)
  from space 2048K, 98% used [0x00000000eb180000,0x00000000eb37a168,0x00000000eb380000)
  to   space 2560K, 0% used [0x00000000eaf00000,0x00000000eaf00000,0x00000000eb180000)
 ParOldGen       total 176640K, used 171254K [0x00000000c0000000, 0x00000000cac80000, 0x00000000eab00000)
  object space 176640K, 96% used [0x00000000c0000000,0x00000000ca73d8d8,0x00000000cac80000)
 Metaspace       used 67004K, committed 68352K, reserved 1114112K
  class space    used 7069K, committed 7680K, reserved 1048576K
}
Event: 7.415 GC heap before
{Heap before GC invocations=104 (full 7):
 PSYoungGen      total 6144K, used 6091K [0x00000000eab00000, 0x00000000eb480000, 0x0000000100000000)
  eden space 4096K, 99% used [0x00000000eab00000,0x00000000eaef8d78,0x00000000eaf00000)
  from space 2048K, 98% used [0x00000000eb180000,0x00000000eb37a168,0x00000000eb380000)
  to   space 2560K, 0% used [0x00000000eaf00000,0x00000000eaf00000,0x00000000eb180000)
 ParOldGen       total 176640K, used 171254K [0x00000000c0000000, 0x00000000cac80000, 0x00000000eab00000)
  object space 176640K, 96% used [0x00000000c0000000,0x00000000ca73d8d8,0x00000000cac80000)
 Metaspace       used 67022K, committed 68352K, reserved 1114112K
  class space    used 7072K, committed 7680K, reserved 1048576K
}
Event: 7.416 GC heap after
{Heap after GC invocations=104 (full 7):
 PSYoungGen      total 6656K, used 1758K [0x00000000eab00000, 0x00000000eb380000, 0x0000000100000000)
  eden space 4096K, 0% used [0x00000000eab00000,0x00000000eab00000,0x00000000eaf00000)
  from space 2560K, 68% used [0x00000000eaf00000,0x00000000eb0b7ab0,0x00000000eb180000)
  to   space 2048K, 0% used [0x00000000eb180000,0x00000000eb180000,0x00000000eb380000)
 ParOldGen       total 176640K, used 172641K [0x00000000c0000000, 0x00000000cac80000, 0x00000000eab00000)
  object space 176640K, 97% used [0x00000000c0000000,0x00000000ca898430,0x00000000cac80000)
 Metaspace       used 67022K, committed 68352K, reserved 1114112K
  class space    used 7072K, committed 7680K, reserved 1048576K
}
Event: 7.426 GC heap before
{Heap before GC invocations=105 (full 7):
 PSYoungGen      total 6656K, used 5854K [0x00000000eab00000, 0x00000000eb380000, 0x0000000100000000)
  eden space 4096K, 100% used [0x00000000eab00000,0x00000000eaf00000,0x00000000eaf00000)
  from space 2560K, 68% used [0x00000000eaf00000,0x00000000eb0b7ab0,0x00000000eb180000)
  to   space 2048K, 0% used [0x00000000eb180000,0x00000000eb180000,0x00000000eb380000)
 ParOldGen       total 176640K, used 172641K [0x00000000c0000000, 0x00000000cac80000, 0x00000000eab00000)
  object space 176640K, 97% used [0x00000000c0000000,0x00000000ca898430,0x00000000cac80000)
 Metaspace       used 67044K, committed 68352K, reserved 1114112K
  class space    used 7077K, committed 7680K, reserved 1048576K
}
Event: 7.427 GC heap after
{Heap after GC invocations=105 (full 7):
 PSYoungGen      total 5632K, used 2043K [0x00000000eab00000, 0x00000000eb580000, 0x0000000100000000)
  eden space 3584K, 0% used [0x00000000eab00000,0x00000000eab00000,0x00000000eae80000)
  from space 2048K, 99% used [0x00000000eb180000,0x00000000eb37edc0,0x00000000eb380000)
  to   space 3072K, 0% used [0x00000000eae80000,0x00000000eae80000,0x00000000eb180000)
 ParOldGen       total 176640K, used 173162K [0x00000000c0000000, 0x00000000cac80000, 0x00000000eab00000)
  object space 176640K, 98% used [0x00000000c0000000,0x00000000ca91a8b0,0x00000000cac80000)
 Metaspace       used 67044K, committed 68352K, reserved 1114112K
  class space    used 7077K, committed 7680K, reserved 1048576K
}

