# JRE version: OpenJDK Runtime Environment Temurin-17.0.12+7 (17.0.12+7) (build 17.0.12+7)
# Java VM: OpenJDK 64-Bit Server VM Temurin-17.0.12+7 (17.0.12+7, mixed mode, tiered, compressed oops, compressed class ptrs, parallel gc, windows-amd64)
GC Precious Log:
 CPUs: 20 total, 20 available
 Memory: 16004M
 Large Page Support: Disabled
 NUMA Support: Disabled
 Compressed Oops: Enabled (32-bit)
 Alignments: Space 512K, Generation 512K, Heap 2M
 Heap Min Capacity: 100M
 Heap Initial Capacity: 100M
 Heap Max Capacity: 1G
 Pre-touch: Disabled
 Parallel Workers: 15
Heap:
 PSYoungGen      total 11776K, used 5887K [0x00000000eab00000, 0x00000000ec280000, 0x0000000100000000)
  eden space 7680K, 23% used [0x00000000eab00000,0x00000000eacc2a18,0x00000000eb280000)
  from space 4096K, 99% used [0x00000000eb980000,0x00000000ebd7d268,0x00000000ebd80000)
  to   space 7168K, 0% used [0x00000000eb280000,0x00000000eb280000,0x00000000eb980000)
 ParOldGen       total 237056K, used 213636K [0x00000000c0000000, 0x00000000ce780000, 0x00000000eab00000)
  object space 237056K, 90% used [0x00000000c0000000,0x00000000cd0a11b0,0x00000000ce780000)
 Metaspace       used 69160K, committed 70400K, reserved 1114112K
  class space    used 7284K, committed 7808K, reserved 1048576K
GC Heap History (20 events):
Event: 14.474 GC heap before
{Heap before GC invocations=111 (full 8):
 PSYoungGen      total 11776K, used 11552K [0x00000000eab00000, 0x00000000ebd80000, 0x0000000100000000)
  eden space 7680K, 100% used [0x00000000eab00000,0x00000000eb280000,0x00000000eb280000)
  from space 4096K, 94% used [0x00000000eb280000,0x00000000eb6480f8,0x00000000eb680000)
  to   space 5120K, 0% used [0x00000000eb880000,0x00000000eb880000,0x00000000ebd80000)
 ParOldGen       total 237056K, used 191515K [0x00000000c0000000, 0x00000000ce780000, 0x00000000eab00000)
  object space 237056K, 80% used [0x00000000c0000000,0x00000000cbb06e30,0x00000000ce780000)
 Metaspace       used 69160K, committed 70400K, reserved 1114112K
  class space    used 7284K, committed 7808K, reserved 1048576K
}
Event: 14.476 GC heap after
{Heap after GC invocations=111 (full 8):
 PSYoungGen      total 12800K, used 5111K [0x00000000eab00000, 0x00000000ebf80000, 0x0000000100000000)
  eden space 7680K, 0% used [0x00000000eab00000,0x00000000eab00000,0x00000000eb280000)
  from space 5120K, 99% used [0x00000000eb880000,0x00000000ebd7dc88,0x00000000ebd80000)
  to   space 6144K, 0% used [0x00000000eb280000,0x00000000eb280000,0x00000000eb880000)
 ParOldGen       total 237056K, used 192087K [0x00000000c0000000, 0x00000000ce780000, 0x00000000eab00000)
  object space 237056K, 81% used [0x00000000c0000000,0x00000000cbb95f78,0x00000000ce780000)
 Metaspace       used 69160K, committed 70400K, reserved 1114112K
  class space    used 7284K, committed 7808K, reserved 1048576K
}
Event: 14.498 GC heap before
{Heap before GC invocations=112 (full 8):
 PSYoungGen      total 12800K, used 12791K [0x00000000eab00000, 0x00000000ebf80000, 0x0000000100000000)
  eden space 7680K, 100% used [0x00000000eab00000,0x00000000eb280000,0x00000000eb280000)
  from space 5120K, 99% used [0x00000000eb880000,0x00000000ebd7dc88,0x00000000ebd80000)
  to   space 6144K, 0% used [0x00000000eb280000,0x00000000eb280000,0x00000000eb880000)
 ParOldGen       total 237056K, used 192087K [0x00000000c0000000, 0x00000000ce780000, 0x00000000eab00000)
  object space 237056K, 81% used [0x00000000c0000000,0x00000000cbb95f78,0x00000000ce780000)
 Metaspace       used 69160K, committed 70400K, reserved 1114112K
  class space    used 7284K, committed 7808K, reserved 1048576K
}
Event: 14.501 GC heap after
{Heap after GC invocations=112 (full 8):
 PSYoungGen      total 11776K, used 3769K [0x00000000eab00000, 0x00000000ebc80000, 0x0000000100000000)
  eden space 7680K, 0% used [0x00000000eab00000,0x00000000eab00000,0x00000000eb280000)
  from space 4096K, 92% used [0x00000000eb280000,0x00000000eb62e7c0,0x00000000eb680000)
  to   space 4608K, 0% used [0x00000000eb800000,0x00000000eb800000,0x00000000ebc80000)
 ParOldGen       total 237056K, used 195413K [0x00000000c0000000, 0x00000000ce780000, 0x00000000eab00000)
  object space 237056K, 82% used [0x00000000c0000000,0x00000000cbed5768,0x00000000ce780000)
 Metaspace       used 69160K, committed 70400K, reserved 1114112K
  class space    used 7284K, committed 7808K, reserved 1048576K
}
Event: 14.521 GC heap before
{Heap before GC invocations=113 (full 8):
 PSYoungGen      total 11776K, used 11449K [0x00000000eab00000, 0x00000000ebc80000, 0x0000000100000000)
  eden space 7680K, 100% used [0x00000000eab00000,0x00000000eb280000,0x00000000eb280000)
  from space 4096K, 92% used [0x00000000eb280000,0x00000000eb62e7c0,0x00000000eb680000)
  to   space 4608K, 0% used [0x00000000eb800000,0x00000000eb800000,0x00000000ebc80000)
 ParOldGen       total 237056K, used 195413K [0x00000000c0000000, 0x00000000ce780000, 0x00000000eab00000)
  object space 237056K, 82% used [0x00000000c0000000,0x00000000cbed5768,0x00000000ce780000)
 Metaspace       used 69160K, committed 70400K, reserved 1114112K
  class space    used 7284K, committed 7808K, reserved 1048576K
}
Event: 14.523 GC heap after
{Heap after GC invocations=113 (full 8):
 PSYoungGen      total 11776K, used 4603K [0x00000000eab00000, 0x00000000ebf80000, 0x0000000100000000)
  eden space 7168K, 0% used [0x00000000eab00000,0x00000000eab00000,0x00000000eb200000)
  from space 4608K, 99% used [0x00000000eb800000,0x00000000ebc7ed80,0x00000000ebc80000)
  to   space 6144K, 0% used [0x00000000eb200000,0x00000000eb200000,0x00000000eb800000)
 ParOldGen       total 237056K, used 196290K [0x00000000c0000000, 0x00000000ce780000, 0x00000000eab00000)
  object space 237056K, 82% used [0x00000000c0000000,0x00000000cbfb0870,0x00000000ce780000)
 Metaspace       used 69160K, committed 70400K, reserved 1114112K
  class space    used 7284K, committed 7808K, reserved 1048576K
}
Event: 14.545 GC heap before
{Heap before GC invocations=114 (full 8):
 PSYoungGen      total 11776K, used 11771K [0x00000000eab00000, 0x00000000ebf80000, 0x0000000100000000)
  eden space 7168K, 100% used [0x00000000eab00000,0x00000000eb200000,0x00000000eb200000)
  from space 4608K, 99% used [0x00000000eb800000,0x00000000ebc7ed80,0x00000000ebc80000)
  to   space 6144K, 0% used [0x00000000eb200000,0x00000000eb200000,0x00000000eb800000)
 ParOldGen       total 237056K, used 196290K [0x00000000c0000000, 0x00000000ce780000, 0x00000000eab00000)
  object space 237056K, 82% used [0x00000000c0000000,0x00000000cbfb0870,0x00000000ce780000)
 Metaspace       used 69160K, committed 70400K, reserved 1114112K
  class space    used 7284K, committed 7808K, reserved 1048576K
}
Event: 14.548 GC heap after
{Heap after GC invocations=114 (full 8):
 PSYoungGen      total 10752K, used 3416K [0x00000000eab00000, 0x00000000ebc00000, 0x0000000100000000)
  eden space 7168K, 0% used [0x00000000eab00000,0x00000000eab00000,0x00000000eb200000)
  from space 3584K, 95% used [0x00000000eb200000,0x00000000eb556008,0x00000000eb580000)
  to   space 4608K, 0% used [0x00000000eb780000,0x00000000eb780000,0x00000000ebc00000)
 ParOldGen       total 237056K, used 199281K [0x00000000c0000000, 0x00000000ce780000, 0x00000000eab00000)
  object space 237056K, 84% used [0x00000000c0000000,0x00000000cc29c7d0,0x00000000ce780000)
 Metaspace       used 69160K, committed 70400K, reserved 1114112K
  class space    used 7284K, committed 7808K, reserved 1048576K
}
Event: 14.572 GC heap before
{Heap before GC invocations=115 (full 8):
 PSYoungGen      total 10752K, used 10584K [0x00000000eab00000, 0x00000000ebc00000, 0x0000000100000000)
  eden space 7168K, 100% used [0x00000000eab00000,0x00000000eb200000,0x00000000eb200000)
  from space 3584K, 95% used [0x00000000eb200000,0x00000000eb556008,0x00000000eb580000)
  to   space 4608K, 0% used [0x00000000eb780000,0x00000000eb780000,0x00000000ebc00000)
 ParOldGen       total 237056K, used 199281K [0x00000000c0000000, 0x00000000ce780000, 0x00000000eab00000)
  object space 237056K, 84% used [0x00000000c0000000,0x00000000cc29c7d0,0x00000000ce780000)
 Metaspace       used 69160K, committed 70400K, reserved 1114112K
  class space    used 7284K, committed 7808K, reserved 1048576K
}
Event: 14.574 GC heap after
{Heap after GC invocations=115 (full 8):
 PSYoungGen      total 11776K, used 4596K [0x00000000eab00000, 0x00000000ebe00000, 0x0000000100000000)
  eden space 7168K, 0% used [0x00000000eab00000,0x00000000eab00000,0x00000000eb200000)
  from space 4608K, 99% used [0x00000000eb780000,0x00000000ebbfd310,0x00000000ebc00000)
  to   space 5632K, 0% used [0x00000000eb200000,0x00000000eb200000,0x00000000eb780000)
 ParOldGen       total 237056K, used 199620K [0x00000000c0000000, 0x00000000ce780000, 0x00000000eab00000)
  object space 237056K, 84% used [0x00000000c0000000,0x00000000cc2f1368,0x00000000ce780000)
 Metaspace       used 69160K, committed 70400K, reserved 1114112K
  class space    used 7284K, committed 7808K, reserved 1048576K
}
Event: 14.593 GC heap before
{Heap before GC invocations=116 (full 8):
 PSYoungGen      total 11776K, used 10780K [0x00000000eab00000, 0x00000000ebe00000, 0x0000000100000000)
  eden space 7168K, 86% used [0x00000000eab00000,0x00000000eb10a0e0,0x00000000eb200000)
  from space 4608K, 99% used [0x00000000eb780000,0x00000000ebbfd310,0x00000000ebc00000)
  to   space 5632K, 0% used [0x00000000eb200000,0x00000000eb200000,0x00000000eb780000)
 ParOldGen       total 237056K, used 199620K [0x00000000c0000000, 0x00000000ce780000, 0x00000000eab00000)
  object space 237056K, 84% used [0x00000000c0000000,0x00000000cc2f1368,0x00000000ce780000)
 Metaspace       used 69160K, committed 70400K, reserved 1114112K
  class space    used 7284K, committed 7808K, reserved 1048576K
}
Event: 14.596 GC heap after
{Heap after GC invocations=116 (full 8):
 PSYoungGen      total 10752K, used 3211K [0x00000000eab00000, 0x00000000ebb00000, 0x0000000100000000)
  eden space 7168K, 0% used [0x00000000eab00000,0x00000000eab00000,0x00000000eb200000)
  from space 3584K, 89% used [0x00000000eb200000,0x00000000eb522c08,0x00000000eb580000)
  to   space 4096K, 0% used [0x00000000eb700000,0x00000000eb700000,0x00000000ebb00000)
 ParOldGen       total 237056K, used 202690K [0x00000000c0000000, 0x00000000ce780000, 0x00000000eab00000)
  object space 237056K, 85% used [0x00000000c0000000,0x00000000cc5f0b10,0x00000000ce780000)
 Metaspace       used 69160K, committed 70400K, reserved 1114112K
  class space    used 7284K, committed 7808K, reserved 1048576K
}
Event: 14.660 GC heap before
{Heap before GC invocations=117 (full 8):
 PSYoungGen      total 10752K, used 10379K [0x00000000eab00000, 0x00000000ebb00000, 0x0000000100000000)
  eden space 7168K, 100% used [0x00000000eab00000,0x00000000eb200000,0x00000000eb200000)
  from space 3584K, 89% used [0x00000000eb200000,0x00000000eb522c08,0x00000000eb580000)
  to   space 4096K, 0% used [0x00000000eb700000,0x00000000eb700000,0x00000000ebb00000)
 ParOldGen       total 237056K, used 202690K [0x00000000c0000000, 0x00000000ce780000, 0x00000000eab00000)
  object space 237056K, 85% used [0x00000000c0000000,0x00000000cc5f0b10,0x00000000ce780000)
 Metaspace       used 69160K, committed 70400K, reserved 1114112K
  class space    used 7284K, committed 7808K, reserved 1048576K
}
Event: 14.667 GC heap after
{Heap after GC invocations=117 (full 8):
 PSYoungGen      total 11776K, used 4063K [0x00000000eab00000, 0x00000000ebc00000, 0x0000000100000000)
  eden space 7680K, 0% used [0x00000000eab00000,0x00000000eab00000,0x00000000eb280000)
  from space 4096K, 99% used [0x00000000eb700000,0x00000000ebaf7ea8,0x00000000ebb00000)
  to   space 4608K, 0% used [0x00000000eb280000,0x00000000eb280000,0x00000000eb700000)
 ParOldGen       total 237056K, used 206146K [0x00000000c0000000, 0x00000000ce780000, 0x00000000eab00000)
  object space 237056K, 86% used [0x00000000c0000000,0x00000000cc950b18,0x00000000ce780000)
 Metaspace       used 69160K, committed 70400K, reserved 1114112K
  class space    used 7284K, committed 7808K, reserved 1048576K
}
Event: 14.692 GC heap before
{Heap before GC invocations=118 (full 8):
 PSYoungGen      total 11776K, used 11743K [0x00000000eab00000, 0x00000000ebc00000, 0x0000000100000000)
  eden space 7680K, 100% used [0x00000000eab00000,0x00000000eb280000,0x00000000eb280000)
  from space 4096K, 99% used [0x00000000eb700000,0x00000000ebaf7ea8,0x00000000ebb00000)
  to   space 4608K, 0% used [0x00000000eb280000,0x00000000eb280000,0x00000000eb700000)
 ParOldGen       total 237056K, used 206146K [0x00000000c0000000, 0x00000000ce780000, 0x00000000eab00000)
  object space 237056K, 86% used [0x00000000c0000000,0x00000000cc950b18,0x00000000ce780000)
 Metaspace       used 69160K, committed 70400K, reserved 1114112K
  class space    used 7284K, committed 7808K, reserved 1048576K
}
Event: 14.695 GC heap after
{Heap after GC invocations=118 (full 8):
 PSYoungGen      total 12288K, used 4600K [0x00000000eab00000, 0x00000000ebf80000, 0x0000000100000000)
  eden space 7680K, 0% used [0x00000000eab00000,0x00000000eab00000,0x00000000eb280000)
  from space 4608K, 99% used [0x00000000eb280000,0x00000000eb6fe258,0x00000000eb700000)
  to   space 6144K, 0% used [0x00000000eb980000,0x00000000eb980000,0x00000000ebf80000)
 ParOldGen       total 237056K, used 206928K [0x00000000c0000000, 0x00000000ce780000, 0x00000000eab00000)
  object space 237056K, 87% used [0x00000000c0000000,0x00000000cca143e0,0x00000000ce780000)
 Metaspace       used 69160K, committed 70400K, reserved 1114112K
  class space    used 7284K, committed 7808K, reserved 1048576K
}
Event: 14.724 GC heap before
{Heap before GC invocations=119 (full 8):
 PSYoungGen      total 12288K, used 12280K [0x00000000eab00000, 0x00000000ebf80000, 0x0000000100000000)
  eden space 7680K, 100% used [0x00000000eab00000,0x00000000eb280000,0x00000000eb280000)
  from space 4608K, 99% used [0x00000000eb280000,0x00000000eb6fe258,0x00000000eb700000)
  to   space 6144K, 0% used [0x00000000eb980000,0x00000000eb980000,0x00000000ebf80000)
 ParOldGen       total 237056K, used 206928K [0x00000000c0000000, 0x00000000ce780000, 0x00000000eab00000)
  object space 237056K, 87% used [0x00000000c0000000,0x00000000cca143e0,0x00000000ce780000)
 Metaspace       used 69160K, committed 70400K, reserved 1114112K
  class space    used 7284K, committed 7808K, reserved 1048576K
}
Event: 14.727 GC heap after
{Heap after GC invocations=119 (full 8):
 PSYoungGen      total 12800K, used 4061K [0x00000000eab00000, 0x00000000ebd80000, 0x0000000100000000)
  eden space 8704K, 0% used [0x00000000eab00000,0x00000000eab00000,0x00000000eb380000)
  from space 4096K, 99% used [0x00000000eb980000,0x00000000ebd77520,0x00000000ebd80000)
  to   space 4608K, 0% used [0x00000000eb480000,0x00000000eb480000,0x00000000eb900000)
 ParOldGen       total 237056K, used 209560K [0x00000000c0000000, 0x00000000ce780000, 0x00000000eab00000)
  object space 237056K, 88% used [0x00000000c0000000,0x00000000ccca62b8,0x00000000ce780000)
 Metaspace       used 69160K, committed 70400K, reserved 1114112K
  class space    used 7284K, committed 7808K, reserved 1048576K
}
Event: 14.754 GC heap before
{Heap before GC invocations=120 (full 8):
 PSYoungGen      total 12800K, used 12765K [0x00000000eab00000, 0x00000000ebd80000, 0x0000000100000000)
  eden space 8704K, 100% used [0x00000000eab00000,0x00000000eb380000,0x00000000eb380000)
  from space 4096K, 99% used [0x00000000eb980000,0x00000000ebd77520,0x00000000ebd80000)
  to   space 4608K, 0% used [0x00000000eb480000,0x00000000eb480000,0x00000000eb900000)
 ParOldGen       total 237056K, used 209560K [0x00000000c0000000, 0x00000000ce780000, 0x00000000eab00000)
  object space 237056K, 88% used [0x00000000c0000000,0x00000000ccca62b8,0x00000000ce780000)
 Metaspace       used 69160K, committed 70400K, reserved 1114112K
  class space    used 7284K, committed 7808K, reserved 1048576K
}
Event: 14.757 GC heap after
{Heap after GC invocations=120 (full 8):
 PSYoungGen      total 13312K, used 4598K [0x00000000eab00000, 0x00000000ebd80000, 0x0000000100000000)
  eden space 8704K, 0% used [0x00000000eab00000,0x00000000eab00000,0x00000000eb380000)
  from space 4608K, 99% used [0x00000000eb480000,0x00000000eb8fd960,0x00000000eb900000)
  to   space 4096K, 0% used [0x00000000eb980000,0x00000000eb980000,0x00000000ebd80000)
 ParOldGen       total 237056K, used 210821K [0x00000000c0000000, 0x00000000ce780000, 0x00000000eab00000)
  object space 237056K, 88% used [0x00000000c0000000,0x00000000ccde16f0,0x00000000ce780000)
 Metaspace       used 69160K, committed 70400K, reserved 1114112K
  class space    used 7284K, committed 7808K, reserved 1048576K
}

